07-Apr-2017 14:41:25.737 INFO [main] org.apache.catalina.startup.VersionLoggerListener.log Server version:        Apache Tomcat/8.5.13
07-Apr-2017 14:41:25.748 INFO [main] org.apache.catalina.startup.VersionLoggerListener.log Server built:          Mar 27 2017 14:25:04 UTC
07-Apr-2017 14:41:25.748 INFO [main] org.apache.catalina.startup.VersionLoggerListener.log Server number:         8.5.13.0
07-Apr-2017 14:41:25.749 INFO [main] org.apache.catalina.startup.VersionLoggerListener.log OS Name:               Mac OS X
07-Apr-2017 14:41:25.749 INFO [main] org.apache.catalina.startup.VersionLoggerListener.log OS Version:            10.12.4
07-Apr-2017 14:41:25.749 INFO [main] org.apache.catalina.startup.VersionLoggerListener.log Architecture:          x86_64
07-Apr-2017 14:41:25.749 INFO [main] org.apache.catalina.startup.VersionLoggerListener.log Java Home:             /Library/Java/JavaVirtualMachines/jdk1.8.0_101.jdk/Contents/Home/jre
07-Apr-2017 14:41:25.749 INFO [main] org.apache.catalina.startup.VersionLoggerListener.log JVM Version:           1.8.0_101-b13
07-Apr-2017 14:41:25.749 INFO [main] org.apache.catalina.startup.VersionLoggerListener.log JVM Vendor:            Oracle Corporation
07-Apr-2017 14:41:25.750 INFO [main] org.apache.catalina.startup.VersionLoggerListener.log CATALINA_BASE:         /Users/Edi/Desktop/apache-tomcat-8.5.13
07-Apr-2017 14:41:25.750 INFO [main] org.apache.catalina.startup.VersionLoggerListener.log CATALINA_HOME:         /Users/Edi/Desktop/apache-tomcat-8.5.13
07-Apr-2017 14:41:25.751 INFO [main] org.apache.catalina.startup.VersionLoggerListener.log Command line argument: -Djava.util.logging.config.file=/Users/Edi/Desktop/apache-tomcat-8.5.13/conf/logging.properties
07-Apr-2017 14:41:25.751 INFO [main] org.apache.catalina.startup.VersionLoggerListener.log Command line argument: -Djava.util.logging.manager=org.apache.juli.ClassLoaderLogManager
07-Apr-2017 14:41:25.752 INFO [main] org.apache.catalina.startup.VersionLoggerListener.log Command line argument: -Djdk.tls.ephemeralDHKeySize=2048
07-Apr-2017 14:41:25.752 INFO [main] org.apache.catalina.startup.VersionLoggerListener.log Command line argument: -Djava.protocol.handler.pkgs=org.apache.catalina.webresources
07-Apr-2017 14:41:25.752 INFO [main] org.apache.catalina.startup.VersionLoggerListener.log Command line argument: -Dcatalina.base=/Users/Edi/Desktop/apache-tomcat-8.5.13
07-Apr-2017 14:41:25.753 INFO [main] org.apache.catalina.startup.VersionLoggerListener.log Command line argument: -Dcatalina.home=/Users/Edi/Desktop/apache-tomcat-8.5.13
07-Apr-2017 14:41:25.753 INFO [main] org.apache.catalina.startup.VersionLoggerListener.log Command line argument: -Djava.io.tmpdir=/Users/Edi/Desktop/apache-tomcat-8.5.13/temp
07-Apr-2017 14:41:25.753 INFO [main] org.apache.catalina.core.AprLifecycleListener.lifecycleEvent The APR based Apache Tomcat Native library which allows optimal performance in production environments was not found on the java.library.path: /Users/Edi/Library/Java/Extensions:/Library/Java/Extensions:/Network/Library/Java/Extensions:/System/Library/Java/Extensions:/usr/lib/java:.
07-Apr-2017 14:41:26.073 INFO [main] org.apache.coyote.AbstractProtocol.init Initializing ProtocolHandler ["http-nio-8080"]
07-Apr-2017 14:41:26.139 INFO [main] org.apache.tomcat.util.net.NioSelectorPool.getSharedSelector Using a shared selector for servlet write/read
07-Apr-2017 14:41:26.143 INFO [main] org.apache.coyote.AbstractProtocol.init Initializing ProtocolHandler ["ajp-nio-8009"]
07-Apr-2017 14:41:26.145 INFO [main] org.apache.tomcat.util.net.NioSelectorPool.getSharedSelector Using a shared selector for servlet write/read
07-Apr-2017 14:41:26.146 INFO [main] org.apache.catalina.startup.Catalina.load Initialization processed in 1350 ms
07-Apr-2017 14:41:26.192 INFO [main] org.apache.catalina.core.StandardService.startInternal Starting service Catalina
07-Apr-2017 14:41:26.193 INFO [main] org.apache.catalina.core.StandardEngine.startInternal Starting Servlet Engine: Apache Tomcat/8.5.13
07-Apr-2017 14:41:26.206 INFO [localhost-startStop-1] org.apache.catalina.startup.HostConfig.deployDirectory Deploying web application directory /Users/Edi/Desktop/apache-tomcat-8.5.13/webapps/docs
07-Apr-2017 14:41:26.981 INFO [localhost-startStop-1] org.apache.catalina.startup.HostConfig.deployDirectory Deployment of web application directory /Users/Edi/Desktop/apache-tomcat-8.5.13/webapps/docs has finished in 775 ms
07-Apr-2017 14:41:26.982 INFO [localhost-startStop-1] org.apache.catalina.startup.HostConfig.deployDirectory Deploying web application directory /Users/Edi/Desktop/apache-tomcat-8.5.13/webapps/examples
07-Apr-2017 14:41:27.448 INFO [localhost-startStop-1] org.apache.catalina.startup.HostConfig.deployDirectory Deployment of web application directory /Users/Edi/Desktop/apache-tomcat-8.5.13/webapps/examples has finished in 466 ms
07-Apr-2017 14:41:27.449 INFO [localhost-startStop-1] org.apache.catalina.startup.HostConfig.deployDirectory Deploying web application directory /Users/Edi/Desktop/apache-tomcat-8.5.13/webapps/host-manager
07-Apr-2017 14:41:27.487 INFO [localhost-startStop-1] org.apache.catalina.startup.HostConfig.deployDirectory Deployment of web application directory /Users/Edi/Desktop/apache-tomcat-8.5.13/webapps/host-manager has finished in 38 ms
07-Apr-2017 14:41:27.488 INFO [localhost-startStop-1] org.apache.catalina.startup.HostConfig.deployDirectory Deploying web application directory /Users/Edi/Desktop/apache-tomcat-8.5.13/webapps/manager
07-Apr-2017 14:41:27.545 INFO [localhost-startStop-1] org.apache.catalina.startup.HostConfig.deployDirectory Deployment of web application directory /Users/Edi/Desktop/apache-tomcat-8.5.13/webapps/manager has finished in 56 ms
07-Apr-2017 14:41:27.545 INFO [localhost-startStop-1] org.apache.catalina.startup.HostConfig.deployDirectory Deploying web application directory /Users/Edi/Desktop/apache-tomcat-8.5.13/webapps/ROOT
07-Apr-2017 14:41:27.568 INFO [localhost-startStop-1] org.apache.catalina.startup.HostConfig.deployDirectory Deployment of web application directory /Users/Edi/Desktop/apache-tomcat-8.5.13/webapps/ROOT has finished in 23 ms
07-Apr-2017 14:41:27.572 INFO [main] org.apache.coyote.AbstractProtocol.start Starting ProtocolHandler ["http-nio-8080"]
07-Apr-2017 14:41:27.583 INFO [main] org.apache.coyote.AbstractProtocol.start Starting ProtocolHandler ["ajp-nio-8009"]
07-Apr-2017 14:41:27.585 INFO [main] org.apache.catalina.startup.Catalina.start Server startup in 1438 ms
07-Apr-2017 15:13:29.439 INFO [http-nio-8080-exec-2] async.AsyncStockServlet.<init> AsyncStockServlet created
07-Apr-2017 15:13:36.271 INFO [Ticker Thread] org.apache.coyote.AbstractProcessor.setErrorState An error occurred in processing while on a non-container thread. The connection will be closed immediately
 java.io.IOException: Broken pipe
	at sun.nio.ch.FileDispatcherImpl.write0(Native Method)
	at sun.nio.ch.SocketDispatcher.write(SocketDispatcher.java:47)
	at sun.nio.ch.IOUtil.writeFromNativeBuffer(IOUtil.java:93)
	at sun.nio.ch.IOUtil.write(IOUtil.java:65)
	at sun.nio.ch.SocketChannelImpl.write(SocketChannelImpl.java:471)
	at org.apache.tomcat.util.net.NioChannel.write(NioChannel.java:134)
	at org.apache.tomcat.util.net.NioBlockingSelector.write(NioBlockingSelector.java:101)
	at org.apache.tomcat.util.net.NioSelectorPool.write(NioSelectorPool.java:157)
	at org.apache.tomcat.util.net.NioEndpoint$NioSocketWrapper.doWrite(NioEndpoint.java:1259)
	at org.apache.tomcat.util.net.SocketWrapperBase.doWrite(SocketWrapperBase.java:670)
	at org.apache.tomcat.util.net.SocketWrapperBase.flushBlocking(SocketWrapperBase.java:607)
	at org.apache.tomcat.util.net.SocketWrapperBase.flush(SocketWrapperBase.java:597)
	at org.apache.coyote.http11.Http11OutputBuffer.flushBuffer(Http11OutputBuffer.java:581)
	at org.apache.coyote.http11.Http11OutputBuffer.flush(Http11OutputBuffer.java:272)
	at org.apache.coyote.http11.Http11Processor.flush(Http11Processor.java:1506)
	at org.apache.coyote.AbstractProcessor.action(AbstractProcessor.java:279)
	at org.apache.coyote.Response.action(Response.java:168)
	at org.apache.catalina.connector.OutputBuffer.doFlush(OutputBuffer.java:317)
	at org.apache.catalina.connector.OutputBuffer.flush(OutputBuffer.java:284)
	at org.apache.catalina.connector.CoyoteWriter.flush(CoyoteWriter.java:94)
	at async.AsyncStockServlet.writeStock(AsyncStockServlet.java:101)
	at async.AsyncStockServlet.tick(AsyncStockServlet.java:81)
	at async.Stockticker.run(Stockticker.java:84)
	at java.lang.Thread.run(Thread.java:745)

07-Apr-2017 15:13:37.134 INFO [Ticker Thread] org.apache.coyote.AbstractProcessor.setErrorState An error occurred in processing while on a non-container thread. The connection will be closed immediately
 java.io.IOException: Broken pipe
	at sun.nio.ch.FileDispatcherImpl.write0(Native Method)
	at sun.nio.ch.SocketDispatcher.write(SocketDispatcher.java:47)
	at sun.nio.ch.IOUtil.writeFromNativeBuffer(IOUtil.java:93)
	at sun.nio.ch.IOUtil.write(IOUtil.java:65)
	at sun.nio.ch.SocketChannelImpl.write(SocketChannelImpl.java:471)
	at org.apache.tomcat.util.net.NioChannel.write(NioChannel.java:134)
	at org.apache.tomcat.util.net.NioBlockingSelector.write(NioBlockingSelector.java:101)
	at org.apache.tomcat.util.net.NioSelectorPool.write(NioSelectorPool.java:157)
	at org.apache.tomcat.util.net.NioEndpoint$NioSocketWrapper.doWrite(NioEndpoint.java:1259)
	at org.apache.tomcat.util.net.SocketWrapperBase.doWrite(SocketWrapperBase.java:670)
	at org.apache.tomcat.util.net.SocketWrapperBase.flushBlocking(SocketWrapperBase.java:607)
	at org.apache.tomcat.util.net.SocketWrapperBase.flush(SocketWrapperBase.java:597)
	at org.apache.coyote.http11.Http11OutputBuffer.flushBuffer(Http11OutputBuffer.java:581)
	at org.apache.coyote.http11.Http11OutputBuffer.flush(Http11OutputBuffer.java:272)
	at org.apache.coyote.http11.Http11Processor.flush(Http11Processor.java:1506)
	at org.apache.coyote.AbstractProcessor.action(AbstractProcessor.java:279)
	at org.apache.coyote.Response.action(Response.java:168)
	at org.apache.catalina.connector.OutputBuffer.doFlush(OutputBuffer.java:317)
	at org.apache.catalina.connector.OutputBuffer.flush(OutputBuffer.java:284)
	at org.apache.catalina.connector.CoyoteWriter.flush(CoyoteWriter.java:94)
	at async.AsyncStockServlet.writeStock(AsyncStockServlet.java:101)
	at async.AsyncStockServlet.tick(AsyncStockServlet.java:81)
	at async.Stockticker.run(Stockticker.java:84)
	at java.lang.Thread.run(Thread.java:745)

07-Apr-2017 15:27:50.395 WARNING [main] org.apache.catalina.core.StandardServer.await StandardServer.await: Invalid command '' received
07-Apr-2017 15:29:52.800 INFO [main] org.apache.catalina.core.StandardServer.await A valid shutdown command was received via the shutdown port. Stopping the Server instance.
07-Apr-2017 15:29:52.801 INFO [main] org.apache.coyote.AbstractProtocol.pause Pausing ProtocolHandler ["http-nio-8080"]
07-Apr-2017 15:29:52.860 INFO [main] org.apache.coyote.AbstractProtocol.pause Pausing ProtocolHandler ["ajp-nio-8009"]
07-Apr-2017 15:29:52.912 INFO [main] org.apache.catalina.core.StandardService.stopInternal Stopping service Catalina
07-Apr-2017 15:29:52.951 WARNING [localhost-startStop-2] org.apache.catalina.loader.WebappClassLoaderBase.clearReferencesThreads The web application [examples] is still processing a request that has yet to finish. This is very likely to create a memory leak. You can control the time allowed for requests to finish by using the unloadDelay attribute of the standard Context implementation. Stack trace of request processing thread:
 java.lang.Object.wait(Native Method)
 java.lang.Thread.join(Thread.java:1245)
 java.lang.Thread.join(Thread.java:1319)
 async.Stockticker.stop(Stockticker.java:41)
 async.Stockticker.removeTickListener(Stockticker.java:58)
 async.AsyncStockServlet.onComplete(AsyncStockServlet.java:111)
 org.apache.catalina.core.AsyncListenerWrapper.fireOnComplete(AsyncListenerWrapper.java:39)
 org.apache.catalina.core.AsyncContextImpl.fireOnComplete(AsyncContextImpl.java:107)
 org.apache.coyote.AsyncStateMachine.asyncPostProcess(AsyncStateMachine.java:263)
 org.apache.coyote.AbstractProcessor.action(AbstractProcessor.java:434)
 org.apache.coyote.Response.action(Response.java:168)
 org.apache.catalina.connector.CoyoteAdapter.asyncDispatch(CoyoteAdapter.java:257)
 org.apache.coyote.AbstractProcessor.dispatch(AbstractProcessor.java:221)
 org.apache.coyote.AbstractProcessorLight.process(AbstractProcessorLight.java:53)
 org.apache.coyote.AbstractProtocol$ConnectionHandler.process(AbstractProtocol.java:861)
 org.apache.tomcat.util.net.NioEndpoint$SocketProcessor.doRun(NioEndpoint.java:1455)
 org.apache.tomcat.util.net.SocketProcessorBase.run(SocketProcessorBase.java:49)
 java.util.concurrent.ThreadPoolExecutor.runWorker(ThreadPoolExecutor.java:1142)
 java.util.concurrent.ThreadPoolExecutor$Worker.run(ThreadPoolExecutor.java:617)
 org.apache.tomcat.util.threads.TaskThread$WrappingRunnable.run(TaskThread.java:61)
 java.lang.Thread.run(Thread.java:745)
07-Apr-2017 15:29:52.952 WARNING [localhost-startStop-2] org.apache.catalina.loader.WebappClassLoaderBase.clearReferencesThreads The web application [examples] appears to have started a thread named [Ticker Thread] but has failed to stop it. This is very likely to create a memory leak. Stack trace of thread:
 org.apache.coyote.AsyncStateMachine.asyncComplete(AsyncStateMachine.java:285)
 org.apache.coyote.AbstractProcessor.action(AbstractProcessor.java:373)
 org.apache.coyote.Request.action(Request.java:391)
 org.apache.catalina.core.AsyncContextImpl.complete(AsyncContextImpl.java:95)
 async.AsyncStockServlet.writeStock(AsyncStockServlet.java:104)
 async.AsyncStockServlet.tick(AsyncStockServlet.java:81)
 async.Stockticker.run(Stockticker.java:84)
 java.lang.Thread.run(Thread.java:745)
07-Apr-2017 15:29:52.972 INFO [main] org.apache.coyote.AbstractProtocol.stop Stopping ProtocolHandler ["http-nio-8080"]
07-Apr-2017 15:29:54.074 SEVERE [http-nio-8080-exec-9] org.apache.catalina.connector.CoyoteAdapter.asyncDispatch Exception while processing an asynchronous request
 java.lang.NullPointerException
	at org.apache.catalina.core.AsyncContextImpl.fireOnComplete(AsyncContextImpl.java:115)
	at org.apache.coyote.AsyncStateMachine.asyncPostProcess(AsyncStateMachine.java:263)
	at org.apache.coyote.AbstractProcessor.action(AbstractProcessor.java:434)
	at org.apache.coyote.Response.action(Response.java:168)
	at org.apache.catalina.connector.CoyoteAdapter.asyncDispatch(CoyoteAdapter.java:257)
	at org.apache.coyote.AbstractProcessor.dispatch(AbstractProcessor.java:221)
	at org.apache.coyote.AbstractProcessorLight.process(AbstractProcessorLight.java:53)
	at org.apache.coyote.AbstractProtocol$ConnectionHandler.process(AbstractProtocol.java:861)
	at org.apache.tomcat.util.net.NioEndpoint$SocketProcessor.doRun(NioEndpoint.java:1455)
	at org.apache.tomcat.util.net.SocketProcessorBase.run(SocketProcessorBase.java:49)
	at java.util.concurrent.ThreadPoolExecutor.runWorker(ThreadPoolExecutor.java:1142)
	at java.util.concurrent.ThreadPoolExecutor$Worker.run(ThreadPoolExecutor.java:617)
	at org.apache.tomcat.util.threads.TaskThread$WrappingRunnable.run(TaskThread.java:61)
	at java.lang.Thread.run(Thread.java:745)

07-Apr-2017 15:29:54.076 INFO [main] org.apache.coyote.AbstractProtocol.stop Stopping ProtocolHandler ["ajp-nio-8009"]
07-Apr-2017 15:29:54.078 INFO [main] org.apache.coyote.AbstractProtocol.destroy Destroying ProtocolHandler ["http-nio-8080"]
07-Apr-2017 15:29:54.078 INFO [main] org.apache.coyote.AbstractProtocol.destroy Destroying ProtocolHandler ["ajp-nio-8009"]
